Compilation failed:
    source file: '/home/gnery/Desktop/OpenCV_4.6.0_build/build_wasm/CMakeFiles/CMakeTmp/src.cxx'
    check option: ' -fsigned-char -W -Wall -Wreturn-type -Wnon-virtual-dtor -Waddress -Wsequence-point -Wformat -Wformat-security -Wmissing-declarations -Wmissing-prototypes -Wstrict-prototypes -Wundef -Winit-self -Wpointer-arith -Wshadow -Wsign-promo -Wuninitialized -Winconsistent-missing-override -Wno-delete-non-virtual-dtor -Wno-unnamed-type-template-args -Wno-comment -Wno-deprecated-enum-enum-conversion -Wno-deprecated-anon-enum-enum-conversion -fdiagnostics-show-option -Qunused-arguments -ffunction-sections -fdata-sections   -mfpmath=387'
===== BUILD LOG =====
Change Dir: /home/gnery/Desktop/OpenCV_4.6.0_build/build_wasm/CMakeFiles/CMakeTmp

Run Build Command(s):/usr/bin/gmake -f Makefile cmTC_16b95/fast && /usr/bin/gmake  -f CMakeFiles/cmTC_16b95.dir/build.make CMakeFiles/cmTC_16b95.dir/build
gmake[1]: Entering directory '/home/gnery/Desktop/OpenCV_4.6.0_build/build_wasm/CMakeFiles/CMakeTmp'
Building CXX object CMakeFiles/cmTC_16b95.dir/src.cxx.o
/home/gnery/Documents/emsdk/upstream/emscripten/em++   -s WASM=1 -s SINGLE_FILE=1 -s USE_PTHREADS=0   -O3 -DNDEBUG    -fsigned-char -W -Wall -Wreturn-type -Wnon-virtual-dtor -Waddress -Wsequence-point -Wformat -Wformat-security -Wmissing-declarations -Wmissing-prototypes -Wstrict-prototypes -Wundef -Winit-self -Wpointer-arith -Wshadow -Wsign-promo -Wuninitialized -Winconsistent-missing-override -Wno-delete-non-virtual-dtor -Wno-unnamed-type-template-args -Wno-comment -Wno-deprecated-enum-enum-conversion -Wno-deprecated-anon-enum-enum-conversion -fdiagnostics-show-option -Qunused-arguments -ffunction-sections -fdata-sections   -mfpmath=387 -std=c++11 -MD -MT CMakeFiles/cmTC_16b95.dir/src.cxx.o -MF CMakeFiles/cmTC_16b95.dir/src.cxx.o.d -o CMakeFiles/cmTC_16b95.dir/src.cxx.o -c /home/gnery/Desktop/OpenCV_4.6.0_build/build_wasm/CMakeFiles/CMakeTmp/src.cxx
em++: warning: linker setting ignored during compilation: 'WASM' [-Wunused-command-line-argument]
em++: warning: linker setting ignored during compilation: 'SINGLE_FILE' [-Wunused-command-line-argument]
error: unknown FP unit '387'
em++: error: '/home/gnery/Documents/emsdk/upstream/bin/clang++ -target wasm32-unknown-emscripten -fignore-exceptions -fvisibility=default -mllvm -combiner-global-alias-analysis=false -mllvm -enable-emscripten-sjlj -mllvm -disable-lsr -DEMSCRIPTEN --sysroot=/home/gnery/Documents/emsdk/upstream/emscripten/cache/sysroot -Xclang -iwithsysroot/include/fakesdl -Xclang -iwithsysroot/include/compat -O3 -DNDEBUG -fsigned-char -W -Wall -Wreturn-type -Wnon-virtual-dtor -Waddress -Wsequence-point -Wformat -Wformat-security -Wmissing-declarations -Wmissing-prototypes -Wstrict-prototypes -Wundef -Winit-self -Wpointer-arith -Wshadow -Wsign-promo -Wuninitialized -Winconsistent-missing-override -Wno-delete-non-virtual-dtor -Wno-unnamed-type-template-args -Wno-comment -Wno-deprecated-enum-enum-conversion -Wno-deprecated-anon-enum-enum-conversion -fdiagnostics-show-option -Qunused-arguments -ffunction-sections -fdata-sections -mfpmath=387 -std=c++11 -MD -MT CMakeFiles/cmTC_16b95.dir/src.cxx.o -MF CMakeFiles/cmTC_16b95.dir/src.cxx.o.d -c /home/gnery/Desktop/OpenCV_4.6.0_build/build_wasm/CMakeFiles/CMakeTmp/src.cxx -o CMakeFiles/cmTC_16b95.dir/src.cxx.o' failed (returned 1)
gmake[1]: *** [CMakeFiles/cmTC_16b95.dir/build.make:79: CMakeFiles/cmTC_16b95.dir/src.cxx.o] Error 1
gmake[1]: Leaving directory '/home/gnery/Desktop/OpenCV_4.6.0_build/build_wasm/CMakeFiles/CMakeTmp'
gmake: *** [Makefile:127: cmTC_16b95/fast] Error 2


===== END =====

Compilation failed:
    source file: '/home/gnery/Desktop/OpenCV_4.6.0_build/build_wasm/CMakeFiles/CMakeTmp/src.c'
    check option: ' -fsigned-char -W -Wall -Wreturn-type -Wnon-virtual-dtor -Waddress -Wsequence-point -Wformat -Wformat-security -Wmissing-declarations -Wmissing-prototypes -Wstrict-prototypes -Wundef -Winit-self -Wpointer-arith -Wshadow -Wsign-promo -Wuninitialized -Winconsistent-missing-override -Wno-delete-non-virtual-dtor -Wno-unnamed-type-template-args -Wno-comment -Wno-deprecated-enum-enum-conversion -Wno-deprecated-anon-enum-enum-conversion -fdiagnostics-show-option -Qunused-arguments -ffunction-sections -fdata-sections   -mfpmath=387'
===== BUILD LOG =====
Change Dir: /home/gnery/Desktop/OpenCV_4.6.0_build/build_wasm/CMakeFiles/CMakeTmp

Run Build Command(s):/usr/bin/gmake -f Makefile cmTC_1b2b3/fast && /usr/bin/gmake  -f CMakeFiles/cmTC_1b2b3.dir/build.make CMakeFiles/cmTC_1b2b3.dir/build
gmake[1]: Entering directory '/home/gnery/Desktop/OpenCV_4.6.0_build/build_wasm/CMakeFiles/CMakeTmp'
Building C object CMakeFiles/cmTC_1b2b3.dir/src.c.o
/home/gnery/Documents/emsdk/upstream/emscripten/emcc   -s WASM=1 -s SINGLE_FILE=1 -s USE_PTHREADS=0   -O3 -DNDEBUG    -fsigned-char -W -Wall -Wreturn-type -Wnon-virtual-dtor -Waddress -Wsequence-point -Wformat -Wformat-security -Wmissing-declarations -Wmissing-prototypes -Wstrict-prototypes -Wundef -Winit-self -Wpointer-arith -Wshadow -Wsign-promo -Wuninitialized -Winconsistent-missing-override -Wno-delete-non-virtual-dtor -Wno-unnamed-type-template-args -Wno-comment -Wno-deprecated-enum-enum-conversion -Wno-deprecated-anon-enum-enum-conversion -fdiagnostics-show-option -Qunused-arguments -ffunction-sections -fdata-sections   -mfpmath=387 -MD -MT CMakeFiles/cmTC_1b2b3.dir/src.c.o -MF CMakeFiles/cmTC_1b2b3.dir/src.c.o.d -o CMakeFiles/cmTC_1b2b3.dir/src.c.o -c /home/gnery/Desktop/OpenCV_4.6.0_build/build_wasm/CMakeFiles/CMakeTmp/src.c
emcc: warning: linker setting ignored during compilation: 'WASM' [-Wunused-command-line-argument]
emcc: warning: linker setting ignored during compilation: 'SINGLE_FILE' [-Wunused-command-line-argument]
error: unknown FP unit '387'
emcc: error: '/home/gnery/Documents/emsdk/upstream/bin/clang -target wasm32-unknown-emscripten -fignore-exceptions -fvisibility=default -mllvm -combiner-global-alias-analysis=false -mllvm -enable-emscripten-sjlj -mllvm -disable-lsr -DEMSCRIPTEN -Werror=implicit-function-declaration --sysroot=/home/gnery/Documents/emsdk/upstream/emscripten/cache/sysroot -Xclang -iwithsysroot/include/fakesdl -Xclang -iwithsysroot/include/compat -O3 -DNDEBUG -fsigned-char -W -Wall -Wreturn-type -Wnon-virtual-dtor -Waddress -Wsequence-point -Wformat -Wformat-security -Wmissing-declarations -Wmissing-prototypes -Wstrict-prototypes -Wundef -Winit-self -Wpointer-arith -Wshadow -Wsign-promo -Wuninitialized -Winconsistent-missing-override -Wno-delete-non-virtual-dtor -Wno-unnamed-type-template-args -Wno-comment -Wno-deprecated-enum-enum-conversion -Wno-deprecated-anon-enum-enum-conversion -fdiagnostics-show-option -Qunused-arguments -ffunction-sections -fdata-sections -mfpmath=387 -MD -MT CMakeFiles/cmTC_1b2b3.dir/src.c.o -MF CMakeFiles/cmTC_1b2b3.dir/src.c.o.d -c /home/gnery/Desktop/OpenCV_4.6.0_build/build_wasm/CMakeFiles/CMakeTmp/src.c -o CMakeFiles/cmTC_1b2b3.dir/src.c.o' failed (returned 1)
gmake[1]: *** [CMakeFiles/cmTC_1b2b3.dir/build.make:79: CMakeFiles/cmTC_1b2b3.dir/src.c.o] Error 1
gmake[1]: Leaving directory '/home/gnery/Desktop/OpenCV_4.6.0_build/build_wasm/CMakeFiles/CMakeTmp'
gmake: *** [Makefile:127: cmTC_1b2b3/fast] Error 2


===== END =====

Compilation failed:
    source file: '/home/gnery/Desktop/OpenCV_4.6.0_build/build_wasm/CMakeFiles/CMakeTmp/src.cxx'
    check option: ''
===== BUILD LOG =====
Change Dir: /home/gnery/Desktop/OpenCV_4.6.0_build/build_wasm/CMakeFiles/CMakeTmp

Run Build Command(s):/usr/bin/gmake -f Makefile cmTC_6e50b/fast && /usr/bin/gmake  -f CMakeFiles/cmTC_6e50b.dir/build.make CMakeFiles/cmTC_6e50b.dir/build
gmake[1]: Entering directory '/home/gnery/Desktop/OpenCV_4.6.0_build/build_wasm/CMakeFiles/CMakeTmp'
Building CXX object CMakeFiles/cmTC_6e50b.dir/src.cxx.o
/home/gnery/Documents/emsdk/upstream/emscripten/em++   -s WASM=1 -s SINGLE_FILE=1 -s USE_PTHREADS=0   -O3 -DNDEBUG -std=c++11 -MD -MT CMakeFiles/cmTC_6e50b.dir/src.cxx.o -MF CMakeFiles/cmTC_6e50b.dir/src.cxx.o.d -o CMakeFiles/cmTC_6e50b.dir/src.cxx.o -c /home/gnery/Desktop/OpenCV_4.6.0_build/build_wasm/CMakeFiles/CMakeTmp/src.cxx
em++: warning: linker setting ignored during compilation: 'WASM' [-Wunused-command-line-argument]
em++: warning: linker setting ignored during compilation: 'SINGLE_FILE' [-Wunused-command-line-argument]
Linking CXX executable cmTC_6e50b.js
/usr/bin/cmake -E cmake_link_script CMakeFiles/cmTC_6e50b.dir/link.txt --verbose=1
/home/gnery/Documents/emsdk/upstream/emscripten/em++ -s WASM=1 -s SINGLE_FILE=1 -s USE_PTHREADS=0   -O3 -DNDEBUG  -Wl,--no-undefined  @CMakeFiles/cmTC_6e50b.dir/objects1.rsp -o cmTC_6e50b.js 
wasm-ld: error: unknown argument: --no-undefined
em++: error: '/home/gnery/Documents/emsdk/upstream/bin/wasm-ld -o cmTC_6e50b.wasm --no-undefined CMakeFiles/cmTC_6e50b.dir/src.cxx.o -L/home/gnery/Documents/emsdk/upstream/emscripten/cache/sysroot/lib/wasm32-emscripten -lGL -lal -lhtml5 -lstubs -lnoexit -lc -ldlmalloc -lcompiler_rt -lc++-noexcept -lc++abi-noexcept -lsockets -mllvm -combiner-global-alias-analysis=false -mllvm -enable-emscripten-sjlj -mllvm -disable-lsr /tmp/tmpa126knozlibemscripten_js_symbols.so --strip-debug --export-if-defined=main --export-if-defined=__start_em_asm --export-if-defined=__stop_em_asm --export-if-defined=__start_em_lib_deps --export-if-defined=__stop_em_lib_deps --export-if-defined=__start_em_js --export-if-defined=__stop_em_js --export-if-defined=__main_argc_argv --export=stackSave --export=stackRestore --export=stackAlloc --export=__errno_location --export=__get_temp_ret --export=__set_temp_ret --export=__wasm_call_ctors --export-table -z stack-size=65536 --initial-memory=16777216 --max-memory=16777216 --no-entry --global-base=1024' failed (returned 1)
gmake[1]: *** [CMakeFiles/cmTC_6e50b.dir/build.make:101: cmTC_6e50b.js] Error 1
gmake[1]: Leaving directory '/home/gnery/Desktop/OpenCV_4.6.0_build/build_wasm/CMakeFiles/CMakeTmp'
gmake: *** [Makefile:127: cmTC_6e50b/fast] Error 2


===== END =====

Determining size of off64_t failed with the following output:
Change Dir: /home/gnery/Desktop/OpenCV_4.6.0_build/build_wasm/CMakeFiles/CMakeTmp

Run Build Command(s):/usr/bin/gmake -f Makefile cmTC_78148/fast && /usr/bin/gmake  -f CMakeFiles/cmTC_78148.dir/build.make CMakeFiles/cmTC_78148.dir/build
gmake[1]: Entering directory '/home/gnery/Desktop/OpenCV_4.6.0_build/build_wasm/CMakeFiles/CMakeTmp'
Building C object CMakeFiles/cmTC_78148.dir/OFF64_T.c.o
/home/gnery/Documents/emsdk/upstream/emscripten/emcc   -s WASM=1 -s SINGLE_FILE=1 -s USE_PTHREADS=0    -fsigned-char -W -Wall -Wreturn-type -Wnon-virtual-dtor -Waddress -Wsequence-point -Wformat -Wformat-security -Wmissing-declarations -Wmissing-prototypes -Wstrict-prototypes -Wundef -Winit-self -Wpointer-arith -Wshadow -Wsign-promo -Wuninitialized -Winconsistent-missing-override -Wno-delete-non-virtual-dtor -Wno-unnamed-type-template-args -Wno-comment -Wno-deprecated-enum-enum-conversion -Wno-deprecated-anon-enum-enum-conversion -fdiagnostics-show-option -Qunused-arguments -ffunction-sections -fdata-sections  -fvisibility=hidden -fvisibility-inlines-hidden  -O3 -DNDEBUG  -DNDEBUG -MD -MT CMakeFiles/cmTC_78148.dir/OFF64_T.c.o -MF CMakeFiles/cmTC_78148.dir/OFF64_T.c.o.d -o CMakeFiles/cmTC_78148.dir/OFF64_T.c.o -c /home/gnery/Desktop/OpenCV_4.6.0_build/build_wasm/CMakeFiles/CheckTypeSize/OFF64_T.c
emcc: warning: linker setting ignored during compilation: 'WASM' [-Wunused-command-line-argument]
emcc: warning: linker setting ignored during compilation: 'SINGLE_FILE' [-Wunused-command-line-argument]
/home/gnery/Desktop/OpenCV_4.6.0_build/build_wasm/CMakeFiles/CheckTypeSize/OFF64_T.c:25:12: error: use of undeclared identifier 'off64_t'
   25 |   ('0' + ((SIZE / 10000)%10)),
      |            ^
/home/gnery/Desktop/OpenCV_4.6.0_build/build_wasm/CMakeFiles/CheckTypeSize/OFF64_T.c:23:22: note: expanded from macro 'SIZE'
   23 | #define SIZE (sizeof(off64_t))
      |                      ^
/home/gnery/Desktop/OpenCV_4.6.0_build/build_wasm/CMakeFiles/CheckTypeSize/OFF64_T.c:26:12: error: use of undeclared identifier 'off64_t'
   26 |   ('0' + ((SIZE / 1000)%10)),
      |            ^
/home/gnery/Desktop/OpenCV_4.6.0_build/build_wasm/CMakeFiles/CheckTypeSize/OFF64_T.c:23:22: note: expanded from macro 'SIZE'
   23 | #define SIZE (sizeof(off64_t))
      |                      ^
/home/gnery/Desktop/OpenCV_4.6.0_build/build_wasm/CMakeFiles/CheckTypeSize/OFF64_T.c:27:12: error: use of undeclared identifier 'off64_t'
   27 |   ('0' + ((SIZE / 100)%10)),
      |            ^
/home/gnery/Desktop/OpenCV_4.6.0_build/build_wasm/CMakeFiles/CheckTypeSize/OFF64_T.c:23:22: note: expanded from macro 'SIZE'
   23 | #define SIZE (sizeof(off64_t))
      |                      ^
/home/gnery/Desktop/OpenCV_4.6.0_build/build_wasm/CMakeFiles/CheckTypeSize/OFF64_T.c:28:12: error: use of undeclared identifier 'off64_t'
   28 |   ('0' + ((SIZE / 10)%10)),
      |            ^
/home/gnery/Desktop/OpenCV_4.6.0_build/build_wasm/CMakeFiles/CheckTypeSize/OFF64_T.c:23:22: note: expanded from macro 'SIZE'
   23 | #define SIZE (sizeof(off64_t))
      |                      ^
/home/gnery/Desktop/OpenCV_4.6.0_build/build_wasm/CMakeFiles/CheckTypeSize/OFF64_T.c:29:12: error: use of undeclared identifier 'off64_t'
   29 |   ('0' +  (SIZE    % 10)),
      |            ^
/home/gnery/Desktop/OpenCV_4.6.0_build/build_wasm/CMakeFiles/CheckTypeSize/OFF64_T.c:23:22: note: expanded from macro 'SIZE'
   23 | #define SIZE (sizeof(off64_t))
      |                      ^
5 errors generated.
emcc: error: '/home/gnery/Documents/emsdk/upstream/bin/clang -target wasm32-unknown-emscripten -fignore-exceptions -mllvm -combiner-global-alias-analysis=false -mllvm -enable-emscripten-sjlj -mllvm -disable-lsr -DEMSCRIPTEN -Werror=implicit-function-declaration --sysroot=/home/gnery/Documents/emsdk/upstream/emscripten/cache/sysroot -Xclang -iwithsysroot/include/fakesdl -Xclang -iwithsysroot/include/compat -fsigned-char -W -Wall -Wreturn-type -Wnon-virtual-dtor -Waddress -Wsequence-point -Wformat -Wformat-security -Wmissing-declarations -Wmissing-prototypes -Wstrict-prototypes -Wundef -Winit-self -Wpointer-arith -Wshadow -Wsign-promo -Wuninitialized -Winconsistent-missing-override -Wno-delete-non-virtual-dtor -Wno-unnamed-type-template-args -Wno-comment -Wno-deprecated-enum-enum-conversion -Wno-deprecated-anon-enum-enum-conversion -fdiagnostics-show-option -Qunused-arguments -ffunction-sections -fdata-sections -fvisibility=hidden -fvisibility-inlines-hidden -O3 -DNDEBUG -DNDEBUG -MD -MT CMakeFiles/cmTC_78148.dir/OFF64_T.c.o -MF CMakeFiles/cmTC_78148.dir/OFF64_T.c.o.d -c /home/gnery/Desktop/OpenCV_4.6.0_build/build_wasm/CMakeFiles/CheckTypeSize/OFF64_T.c -o CMakeFiles/cmTC_78148.dir/OFF64_T.c.o' failed (returned 1)
gmake[1]: *** [CMakeFiles/cmTC_78148.dir/build.make:79: CMakeFiles/cmTC_78148.dir/OFF64_T.c.o] Error 1
gmake[1]: Leaving directory '/home/gnery/Desktop/OpenCV_4.6.0_build/build_wasm/CMakeFiles/CMakeTmp'
gmake: *** [Makefile:127: cmTC_78148/fast] Error 2


/home/gnery/Desktop/OpenCV_4.6.0_build/build_wasm/CMakeFiles/CheckTypeSize/OFF64_T.c:
#include <sys/types.h>
#include <stdint.h>
#include <stddef.h>


#undef KEY
#if defined(__i386)
# define KEY '_','_','i','3','8','6'
#elif defined(__x86_64)
# define KEY '_','_','x','8','6','_','6','4'
#elif defined(__ppc__)
# define KEY '_','_','p','p','c','_','_'
#elif defined(__ppc64__)
# define KEY '_','_','p','p','c','6','4','_','_'
#elif defined(__aarch64__)
# define KEY '_','_','a','a','r','c','h','6','4','_','_'
#elif defined(__ARM_ARCH_7A__)
# define KEY '_','_','A','R','M','_','A','R','C','H','_','7','A','_','_'
#elif defined(__ARM_ARCH_7S__)
# define KEY '_','_','A','R','M','_','A','R','C','H','_','7','S','_','_'
#endif

#define SIZE (sizeof(off64_t))
char info_size[] =  {'I', 'N', 'F', 'O', ':', 's','i','z','e','[',
  ('0' + ((SIZE / 10000)%10)),
  ('0' + ((SIZE / 1000)%10)),
  ('0' + ((SIZE / 100)%10)),
  ('0' + ((SIZE / 10)%10)),
  ('0' +  (SIZE    % 10)),
  ']',
#ifdef KEY
  ' ','k','e','y','[', KEY, ']',
#endif
  '\0'};

#ifdef __CLASSIC_C__
int main(argc, argv) int argc; char *argv[];
#else
int main(int argc, char *argv[])
#endif
{
  int require = 0;
  require += info_size[argc];
  (void)argv;
  return require;
}


Determining if the _aligned_malloc exist failed with the following output:
Change Dir: /home/gnery/Desktop/OpenCV_4.6.0_build/build_wasm/CMakeFiles/CMakeTmp

Run Build Command(s):/usr/bin/gmake -f Makefile cmTC_b2b4d/fast && /usr/bin/gmake  -f CMakeFiles/cmTC_b2b4d.dir/build.make CMakeFiles/cmTC_b2b4d.dir/build
gmake[1]: Entering directory '/home/gnery/Desktop/OpenCV_4.6.0_build/build_wasm/CMakeFiles/CMakeTmp'
Building C object CMakeFiles/cmTC_b2b4d.dir/CheckSymbolExists.c.o
/home/gnery/Documents/emsdk/upstream/emscripten/emcc   -s WASM=1 -s SINGLE_FILE=1 -s USE_PTHREADS=0    -fsigned-char -W -Wall -Wreturn-type -Wnon-virtual-dtor -Waddress -Wsequence-point -Wformat -Wformat-security -Wstrict-prototypes -Wundef -Winit-self -Wpointer-arith -Wshadow -Wsign-promo -Wuninitialized -Winconsistent-missing-override -Wno-delete-non-virtual-dtor -Wno-unnamed-type-template-args -Wno-comment -Wno-deprecated-enum-enum-conversion -Wno-deprecated-anon-enum-enum-conversion -fdiagnostics-show-option -Qunused-arguments -ffunction-sections -fdata-sections  -fvisibility=hidden -fvisibility-inlines-hidden -Wno-implicit-const-int-float-conversion -Wno-unused-but-set-variable -Wno-missing-prototypes -Wno-missing-declarations  -O3 -DNDEBUG  -DNDEBUG -MD -MT CMakeFiles/cmTC_b2b4d.dir/CheckSymbolExists.c.o -MF CMakeFiles/cmTC_b2b4d.dir/CheckSymbolExists.c.o.d -o CMakeFiles/cmTC_b2b4d.dir/CheckSymbolExists.c.o -c /home/gnery/Desktop/OpenCV_4.6.0_build/build_wasm/CMakeFiles/CMakeTmp/CheckSymbolExists.c
emcc: warning: linker setting ignored during compilation: 'WASM' [-Wunused-command-line-argument]
emcc: warning: linker setting ignored during compilation: 'SINGLE_FILE' [-Wunused-command-line-argument]
/home/gnery/Desktop/OpenCV_4.6.0_build/build_wasm/CMakeFiles/CMakeTmp/CheckSymbolExists.c:8:19: error: use of undeclared identifier '_aligned_malloc'
    8 |   return ((int*)(&_aligned_malloc))[argc];
      |                   ^
1 error generated.
emcc: error: '/home/gnery/Documents/emsdk/upstream/bin/clang -target wasm32-unknown-emscripten -fignore-exceptions -mllvm -combiner-global-alias-analysis=false -mllvm -enable-emscripten-sjlj -mllvm -disable-lsr -DEMSCRIPTEN -Werror=implicit-function-declaration --sysroot=/home/gnery/Documents/emsdk/upstream/emscripten/cache/sysroot -Xclang -iwithsysroot/include/fakesdl -Xclang -iwithsysroot/include/compat -fsigned-char -W -Wall -Wreturn-type -Wnon-virtual-dtor -Waddress -Wsequence-point -Wformat -Wformat-security -Wstrict-prototypes -Wundef -Winit-self -Wpointer-arith -Wshadow -Wsign-promo -Wuninitialized -Winconsistent-missing-override -Wno-delete-non-virtual-dtor -Wno-unnamed-type-template-args -Wno-comment -Wno-deprecated-enum-enum-conversion -Wno-deprecated-anon-enum-enum-conversion -fdiagnostics-show-option -Qunused-arguments -ffunction-sections -fdata-sections -fvisibility=hidden -fvisibility-inlines-hidden -Wno-implicit-const-int-float-conversion -Wno-unused-but-set-variable -Wno-missing-prototypes -Wno-missing-declarations -O3 -DNDEBUG -DNDEBUG -MD -MT CMakeFiles/cmTC_b2b4d.dir/CheckSymbolExists.c.o -MF CMakeFiles/cmTC_b2b4d.dir/CheckSymbolExists.c.o.d -c /home/gnery/Desktop/OpenCV_4.6.0_build/build_wasm/CMakeFiles/CMakeTmp/CheckSymbolExists.c -o CMakeFiles/cmTC_b2b4d.dir/CheckSymbolExists.c.o' failed (returned 1)
gmake[1]: *** [CMakeFiles/cmTC_b2b4d.dir/build.make:79: CMakeFiles/cmTC_b2b4d.dir/CheckSymbolExists.c.o] Error 1
gmake[1]: Leaving directory '/home/gnery/Desktop/OpenCV_4.6.0_build/build_wasm/CMakeFiles/CMakeTmp'
gmake: *** [Makefile:127: cmTC_b2b4d/fast] Error 2


File /home/gnery/Desktop/OpenCV_4.6.0_build/build_wasm/CMakeFiles/CMakeTmp/CheckSymbolExists.c:
/* */
#include <malloc.h>

int main(int argc, char** argv)
{
  (void)argv;
#ifndef _aligned_malloc
  return ((int*)(&_aligned_malloc))[argc];
#else
  (void)argc;
  return 0;
#endif
}
Build output check failed:
    Regex: 'unknown .*option'
    Output line: 'warning: unknown warning option '-Wno-stringop-overflow', did you mean '-Wno-shift-overflow'? [-Wunknown-warning-option]'
Compilation failed:
    source file: '/home/gnery/Desktop/OpenCV_4.6.0_build/build_wasm/CMakeFiles/CMakeTmp/src.cxx'
    check option: ' -Wno-stringop-overflow'
===== BUILD LOG =====
Change Dir: /home/gnery/Desktop/OpenCV_4.6.0_build/build_wasm/CMakeFiles/CMakeTmp

Run Build Command(s):/usr/bin/gmake -f Makefile cmTC_78b1b/fast && /usr/bin/gmake  -f CMakeFiles/cmTC_78b1b.dir/build.make CMakeFiles/cmTC_78b1b.dir/build
gmake[1]: Entering directory '/home/gnery/Desktop/OpenCV_4.6.0_build/build_wasm/CMakeFiles/CMakeTmp'
Building CXX object CMakeFiles/cmTC_78b1b.dir/src.cxx.o
/home/gnery/Documents/emsdk/upstream/emscripten/em++   -s WASM=1 -s SINGLE_FILE=1 -s USE_PTHREADS=0    -fsigned-char -W -Wall -Wreturn-type -Wnon-virtual-dtor -Waddress -Wsequence-point -Wformat -Wformat-security -Wstrict-prototypes -Winit-self -Wpointer-arith -Wuninitialized -Wno-delete-non-virtual-dtor -Wno-unnamed-type-template-args -Wno-comment -Wno-deprecated-enum-enum-conversion -Wno-deprecated-anon-enum-enum-conversion -fdiagnostics-show-option -Qunused-arguments -ffunction-sections -fdata-sections  -fvisibility=hidden -fvisibility-inlines-hidden -Wno-deprecated -Wno-missing-prototypes -Wno-missing-declarations -Wno-shadow -Wno-unused-parameter -Wno-unused-local-typedefs -Wno-sign-compare -Wno-sign-promo -Wno-undef -Wno-tautological-undefined-compare -Wno-ignored-qualifiers -Wno-extra -Wno-unused-function -Wno-unused-const-variable -Wno-shorten-64-to-32 -Wno-invalid-offsetof -Wno-enum-compare-switch -Wno-suggest-override -Wno-inconsistent-missing-override -Wno-implicit-fallthrough -Wno-array-bounds  -O3 -DNDEBUG  -DNDEBUG    -Wno-stringop-overflow -std=c++11 -MD -MT CMakeFiles/cmTC_78b1b.dir/src.cxx.o -MF CMakeFiles/cmTC_78b1b.dir/src.cxx.o.d -o CMakeFiles/cmTC_78b1b.dir/src.cxx.o -c /home/gnery/Desktop/OpenCV_4.6.0_build/build_wasm/CMakeFiles/CMakeTmp/src.cxx
em++: warning: linker setting ignored during compilation: 'WASM' [-Wunused-command-line-argument]
em++: warning: linker setting ignored during compilation: 'SINGLE_FILE' [-Wunused-command-line-argument]
warning: unknown warning option '-Wno-stringop-overflow'; did you mean '-Wno-shift-overflow'? [-Wunknown-warning-option]
/home/gnery/Desktop/OpenCV_4.6.0_build/build_wasm/CMakeFiles/CMakeTmp/src.cxx:1:8: warning: unknown pragma ignored [-Wunknown-pragmas]
    1 | #pragma
      |        ^
2 warnings generated.
Linking CXX executable cmTC_78b1b.js
/usr/bin/cmake -E cmake_link_script CMakeFiles/cmTC_78b1b.dir/link.txt --verbose=1
/home/gnery/Documents/emsdk/upstream/emscripten/em++ -s WASM=1 -s SINGLE_FILE=1 -s USE_PTHREADS=0    -fsigned-char -W -Wall -Wreturn-type -Wnon-virtual-dtor -Waddress -Wsequence-point -Wformat -Wformat-security -Wstrict-prototypes -Winit-self -Wpointer-arith -Wuninitialized -Wno-delete-non-virtual-dtor -Wno-unnamed-type-template-args -Wno-comment -Wno-deprecated-enum-enum-conversion -Wno-deprecated-anon-enum-enum-conversion -fdiagnostics-show-option -Qunused-arguments -ffunction-sections -fdata-sections  -fvisibility=hidden -fvisibility-inlines-hidden -Wno-deprecated -Wno-missing-prototypes -Wno-missing-declarations -Wno-shadow -Wno-unused-parameter -Wno-unused-local-typedefs -Wno-sign-compare -Wno-sign-promo -Wno-undef -Wno-tautological-undefined-compare -Wno-ignored-qualifiers -Wno-extra -Wno-unused-function -Wno-unused-const-variable -Wno-shorten-64-to-32 -Wno-invalid-offsetof -Wno-enum-compare-switch -Wno-suggest-override -Wno-inconsistent-missing-override -Wno-implicit-fallthrough -Wno-array-bounds  -O3 -DNDEBUG  -DNDEBUG   -Wl,--gc-sections  @CMakeFiles/cmTC_78b1b.dir/objects1.rsp -o cmTC_78b1b.js 
gmake[1]: Leaving directory '/home/gnery/Desktop/OpenCV_4.6.0_build/build_wasm/CMakeFiles/CMakeTmp'


===== END =====

Build output check failed:
    Regex: 'unknown .*option'
    Output line: 'warning: unknown warning option '-Wno-stringop-overread' [-Wunknown-warning-option]'
Compilation failed:
    source file: '/home/gnery/Desktop/OpenCV_4.6.0_build/build_wasm/CMakeFiles/CMakeTmp/src.cxx'
    check option: ' -Wno-stringop-overread'
===== BUILD LOG =====
Change Dir: /home/gnery/Desktop/OpenCV_4.6.0_build/build_wasm/CMakeFiles/CMakeTmp

Run Build Command(s):/usr/bin/gmake -f Makefile cmTC_d26ae/fast && /usr/bin/gmake  -f CMakeFiles/cmTC_d26ae.dir/build.make CMakeFiles/cmTC_d26ae.dir/build
gmake[1]: Entering directory '/home/gnery/Desktop/OpenCV_4.6.0_build/build_wasm/CMakeFiles/CMakeTmp'
Building CXX object CMakeFiles/cmTC_d26ae.dir/src.cxx.o
/home/gnery/Documents/emsdk/upstream/emscripten/em++   -s WASM=1 -s SINGLE_FILE=1 -s USE_PTHREADS=0    -fsigned-char -W -Wall -Wreturn-type -Wnon-virtual-dtor -Waddress -Wsequence-point -Wformat -Wformat-security -Wstrict-prototypes -Winit-self -Wpointer-arith -Wuninitialized -Wno-delete-non-virtual-dtor -Wno-unnamed-type-template-args -Wno-comment -Wno-deprecated-enum-enum-conversion -Wno-deprecated-anon-enum-enum-conversion -fdiagnostics-show-option -Qunused-arguments -ffunction-sections -fdata-sections  -fvisibility=hidden -fvisibility-inlines-hidden -Wno-deprecated -Wno-missing-prototypes -Wno-missing-declarations -Wno-shadow -Wno-unused-parameter -Wno-unused-local-typedefs -Wno-sign-compare -Wno-sign-promo -Wno-undef -Wno-tautological-undefined-compare -Wno-ignored-qualifiers -Wno-extra -Wno-unused-function -Wno-unused-const-variable -Wno-shorten-64-to-32 -Wno-invalid-offsetof -Wno-enum-compare-switch -Wno-suggest-override -Wno-inconsistent-missing-override -Wno-implicit-fallthrough -Wno-array-bounds  -O3 -DNDEBUG  -DNDEBUG    -Wno-stringop-overread -std=c++11 -MD -MT CMakeFiles/cmTC_d26ae.dir/src.cxx.o -MF CMakeFiles/cmTC_d26ae.dir/src.cxx.o.d -o CMakeFiles/cmTC_d26ae.dir/src.cxx.o -c /home/gnery/Desktop/OpenCV_4.6.0_build/build_wasm/CMakeFiles/CMakeTmp/src.cxx
em++: warning: linker setting ignored during compilation: 'WASM' [-Wunused-command-line-argument]
em++: warning: linker setting ignored during compilation: 'SINGLE_FILE' [-Wunused-command-line-argument]
warning: unknown warning option '-Wno-stringop-overread' [-Wunknown-warning-option]
/home/gnery/Desktop/OpenCV_4.6.0_build/build_wasm/CMakeFiles/CMakeTmp/src.cxx:1:8: warning: unknown pragma ignored [-Wunknown-pragmas]
    1 | #pragma
      |        ^
2 warnings generated.
Linking CXX executable cmTC_d26ae.js
/usr/bin/cmake -E cmake_link_script CMakeFiles/cmTC_d26ae.dir/link.txt --verbose=1
/home/gnery/Documents/emsdk/upstream/emscripten/em++ -s WASM=1 -s SINGLE_FILE=1 -s USE_PTHREADS=0    -fsigned-char -W -Wall -Wreturn-type -Wnon-virtual-dtor -Waddress -Wsequence-point -Wformat -Wformat-security -Wstrict-prototypes -Winit-self -Wpointer-arith -Wuninitialized -Wno-delete-non-virtual-dtor -Wno-unnamed-type-template-args -Wno-comment -Wno-deprecated-enum-enum-conversion -Wno-deprecated-anon-enum-enum-conversion -fdiagnostics-show-option -Qunused-arguments -ffunction-sections -fdata-sections  -fvisibility=hidden -fvisibility-inlines-hidden -Wno-deprecated -Wno-missing-prototypes -Wno-missing-declarations -Wno-shadow -Wno-unused-parameter -Wno-unused-local-typedefs -Wno-sign-compare -Wno-sign-promo -Wno-undef -Wno-tautological-undefined-compare -Wno-ignored-qualifiers -Wno-extra -Wno-unused-function -Wno-unused-const-variable -Wno-shorten-64-to-32 -Wno-invalid-offsetof -Wno-enum-compare-switch -Wno-suggest-override -Wno-inconsistent-missing-override -Wno-implicit-fallthrough -Wno-array-bounds  -O3 -DNDEBUG  -DNDEBUG   -Wl,--gc-sections  @CMakeFiles/cmTC_d26ae.dir/objects1.rsp -o cmTC_d26ae.js 
gmake[1]: Leaving directory '/home/gnery/Desktop/OpenCV_4.6.0_build/build_wasm/CMakeFiles/CMakeTmp'


===== END =====

Determining if the include file linux/videodev2.h exists failed with the following output:
Change Dir: /home/gnery/Desktop/OpenCV_4.6.0_build/build_wasm/CMakeFiles/CMakeTmp

Run Build Command(s):/usr/bin/gmake -f Makefile cmTC_27ada/fast && /usr/bin/gmake  -f CMakeFiles/cmTC_27ada.dir/build.make CMakeFiles/cmTC_27ada.dir/build
gmake[1]: Entering directory '/home/gnery/Desktop/OpenCV_4.6.0_build/build_wasm/CMakeFiles/CMakeTmp'
Building C object CMakeFiles/cmTC_27ada.dir/CheckIncludeFile.c.o
/home/gnery/Documents/emsdk/upstream/emscripten/emcc   -s WASM=1 -s SINGLE_FILE=1 -s USE_PTHREADS=0    -fsigned-char -W -Wall -Wreturn-type -Wnon-virtual-dtor -Waddress -Wsequence-point -Wformat -Wformat-security -Wmissing-declarations -Wmissing-prototypes -Wstrict-prototypes -Wundef -Winit-self -Wpointer-arith -Wshadow -Wsign-promo -Wuninitialized -Winconsistent-missing-override -Wno-delete-non-virtual-dtor -Wno-unnamed-type-template-args -Wno-comment -Wno-deprecated-enum-enum-conversion -Wno-deprecated-anon-enum-enum-conversion -fdiagnostics-show-option -Qunused-arguments -ffunction-sections -fdata-sections  -fvisibility=hidden -fvisibility-inlines-hidden  -O3 -DNDEBUG  -DNDEBUG -MD -MT CMakeFiles/cmTC_27ada.dir/CheckIncludeFile.c.o -MF CMakeFiles/cmTC_27ada.dir/CheckIncludeFile.c.o.d -o CMakeFiles/cmTC_27ada.dir/CheckIncludeFile.c.o -c /home/gnery/Desktop/OpenCV_4.6.0_build/build_wasm/CMakeFiles/CMakeTmp/CheckIncludeFile.c
emcc: warning: linker setting ignored during compilation: 'WASM' [-Wunused-command-line-argument]
emcc: warning: linker setting ignored during compilation: 'SINGLE_FILE' [-Wunused-command-line-argument]
/home/gnery/Desktop/OpenCV_4.6.0_build/build_wasm/CMakeFiles/CMakeTmp/CheckIncludeFile.c:1:10: fatal error: 'linux/videodev2.h' file not found
    1 | #include <linux/videodev2.h>
      |          ^~~~~~~~~~~~~~~~~~~
1 error generated.
emcc: error: '/home/gnery/Documents/emsdk/upstream/bin/clang -target wasm32-unknown-emscripten -fignore-exceptions -mllvm -combiner-global-alias-analysis=false -mllvm -enable-emscripten-sjlj -mllvm -disable-lsr -DEMSCRIPTEN -Werror=implicit-function-declaration --sysroot=/home/gnery/Documents/emsdk/upstream/emscripten/cache/sysroot -Xclang -iwithsysroot/include/fakesdl -Xclang -iwithsysroot/include/compat -fsigned-char -W -Wall -Wreturn-type -Wnon-virtual-dtor -Waddress -Wsequence-point -Wformat -Wformat-security -Wmissing-declarations -Wmissing-prototypes -Wstrict-prototypes -Wundef -Winit-self -Wpointer-arith -Wshadow -Wsign-promo -Wuninitialized -Winconsistent-missing-override -Wno-delete-non-virtual-dtor -Wno-unnamed-type-template-args -Wno-comment -Wno-deprecated-enum-enum-conversion -Wno-deprecated-anon-enum-enum-conversion -fdiagnostics-show-option -Qunused-arguments -ffunction-sections -fdata-sections -fvisibility=hidden -fvisibility-inlines-hidden -O3 -DNDEBUG -DNDEBUG -MD -MT CMakeFiles/cmTC_27ada.dir/CheckIncludeFile.c.o -MF CMakeFiles/cmTC_27ada.dir/CheckIncludeFile.c.o.d -c /home/gnery/Desktop/OpenCV_4.6.0_build/build_wasm/CMakeFiles/CMakeTmp/CheckIncludeFile.c -o CMakeFiles/cmTC_27ada.dir/CheckIncludeFile.c.o' failed (returned 1)
gmake[1]: *** [CMakeFiles/cmTC_27ada.dir/build.make:79: CMakeFiles/cmTC_27ada.dir/CheckIncludeFile.c.o] Error 1
gmake[1]: Leaving directory '/home/gnery/Desktop/OpenCV_4.6.0_build/build_wasm/CMakeFiles/CMakeTmp'
gmake: *** [Makefile:127: cmTC_27ada/fast] Error 2



